<?xml version="1.0" encoding="UTF-8"?>
<!-- Generated by org.testng.reporters.JUnitXMLReporter -->
<testsuite hostname="SANCO" ignored="0" name="Default test" tests="2" failures="0" timestamp="03 Nov 2019 17:10:25 GMT" time="0.067" errors="0">
  <testcase name="@BeforeTest startReport" time="0.0" classname="page.Page_one">
    <failure type="org.testng.TestNGException" message="
Can inject only one of &amp;lt;ITestContext, XmlTest&amp;gt; into a BeforeTest annotated startReport.
For more information on native dependency injection please refer to http://testng.org/doc/documentation-main.html#native-dependency-injection">
      <![CDATA[org.testng.TestNGException: 
Can inject only one of <ITestContext, XmlTest> into a BeforeTest annotated startReport.
For more information on native dependency injection please refer to http://testng.org/doc/documentation-main.html#native-dependency-injection
	at org.testng.internal.Parameters.checkParameterTypes(Parameters.java:244)
	at org.testng.internal.Parameters.createParameters(Parameters.java:172)
	at org.testng.internal.Parameters.createParameters(Parameters.java:458)
	at org.testng.internal.Parameters.createConfigurationParameters(Parameters.java:118)
	at org.testng.internal.Invoker.invokeConfigurations(Invoker.java:203)
	at org.testng.internal.Invoker.invokeConfigurations(Invoker.java:144)
	at org.testng.TestRunner.beforeRun(TestRunner.java:634)
	at org.testng.TestRunner.run(TestRunner.java:602)
	at org.testng.SuiteRunner.runTest(SuiteRunner.java:387)
	at org.testng.SuiteRunner.runSequentially(SuiteRunner.java:382)
	at org.testng.SuiteRunner.privateRun(SuiteRunner.java:340)
	at org.testng.SuiteRunner.run(SuiteRunner.java:289)
	at org.testng.SuiteRunnerWorker.runSuite(SuiteRunnerWorker.java:52)
	at org.testng.SuiteRunnerWorker.run(SuiteRunnerWorker.java:86)
	at org.testng.TestNG.runSuitesSequentially(TestNG.java:1293)
	at org.testng.TestNG.runSuitesLocally(TestNG.java:1218)
	at org.testng.TestNG.runSuites(TestNG.java:1133)
	at org.testng.TestNG.run(TestNG.java:1104)
	at org.testng.remote.AbstractRemoteTestNG.run(AbstractRemoteTestNG.java:132)
	at org.testng.remote.RemoteTestNG.initAndRun(RemoteTestNG.java:236)
	at org.testng.remote.RemoteTestNG.main(RemoteTestNG.java:81)
]]>
    </failure>
  </testcase> <!-- @BeforeTest startReport -->
  <testcase name="@AfterTest tearDown" time="0.0" classname="page.Page_one">
    <skipped/>
  </testcase> <!-- @AfterTest tearDown -->
  <testcase name="firstMethod" time="0.015" classname="page.Page_one">
    <skipped/>
  </testcase> <!-- firstMethod -->
  <testcase name="testCase2" time="0.002" classname="page.Page_one">
    <skipped/>
  </testcase> <!-- testCase2 -->
</testsuite> <!-- Default test -->
